0 info it worked if it ends with ok
1 verbose cli [ '/Users/mauricereigman/.nvm/versions/node/v7.3.0/bin/node',
1 verbose cli   '/Users/mauricereigman/.nvm/versions/node/v7.3.0/bin/npm',
1 verbose cli   'run',
1 verbose cli   'lint' ]
2 info using npm@3.10.10
3 info using node@v7.3.0
4 verbose run-script [ 'prelint', 'lint', 'postlint' ]
5 info lifecycle movie-manager@0.0.0~prelint: movie-manager@0.0.0
6 silly lifecycle movie-manager@0.0.0~prelint: no script for prelint, continuing
7 info lifecycle movie-manager@0.0.0~lint: movie-manager@0.0.0
8 verbose lifecycle movie-manager@0.0.0~lint: unsafe-perm in lifecycle true
9 verbose lifecycle movie-manager@0.0.0~lint: PATH: /Users/mauricereigman/.nvm/versions/node/v7.3.0/lib/node_modules/npm/bin/node-gyp-bin:/Users/mauricereigman/GitHub/angular2-assignments/node_modules/.bin:/Users/mauricereigman/.nvm/versions/node/v7.3.0/bin:/Users/mauricereigman/bin:/usr/local/bin:/usr/bin:/bin:/usr/sbin:/sbin
10 verbose lifecycle movie-manager@0.0.0~lint: CWD: /Users/mauricereigman/GitHub/angular2-assignments
11 silly lifecycle movie-manager@0.0.0~lint: Args: [ '-c',
11 silly lifecycle   'tslint "src/**/*.ts" --project src/tsconfig.json --type-check && tslint "e2e/**/*.ts" --project e2e/tsconfig.json --type-check' ]
12 silly lifecycle movie-manager@0.0.0~lint: Returned: code: 2  signal: null
13 info lifecycle movie-manager@0.0.0~lint: Failed to exec lint script
14 verbose stack Error: movie-manager@0.0.0 lint: `tslint "src/**/*.ts" --project src/tsconfig.json --type-check && tslint "e2e/**/*.ts" --project e2e/tsconfig.json --type-check`
14 verbose stack Exit status 2
14 verbose stack     at EventEmitter.<anonymous> (/Users/mauricereigman/.nvm/versions/node/v7.3.0/lib/node_modules/npm/lib/utils/lifecycle.js:255:16)
14 verbose stack     at emitTwo (events.js:106:13)
14 verbose stack     at EventEmitter.emit (events.js:191:7)
14 verbose stack     at ChildProcess.<anonymous> (/Users/mauricereigman/.nvm/versions/node/v7.3.0/lib/node_modules/npm/lib/utils/spawn.js:40:14)
14 verbose stack     at emitTwo (events.js:106:13)
14 verbose stack     at ChildProcess.emit (events.js:191:7)
14 verbose stack     at maybeClose (internal/child_process.js:885:16)
14 verbose stack     at Process.ChildProcess._handle.onexit (internal/child_process.js:226:5)
15 verbose pkgid movie-manager@0.0.0
16 verbose cwd /Users/mauricereigman/GitHub/angular2-assignments
17 error Darwin 16.3.0
18 error argv "/Users/mauricereigman/.nvm/versions/node/v7.3.0/bin/node" "/Users/mauricereigman/.nvm/versions/node/v7.3.0/bin/npm" "run" "lint"
19 error node v7.3.0
20 error npm  v3.10.10
21 error code ELIFECYCLE
22 error movie-manager@0.0.0 lint: `tslint "src/**/*.ts" --project src/tsconfig.json --type-check && tslint "e2e/**/*.ts" --project e2e/tsconfig.json --type-check`
22 error Exit status 2
23 error Failed at the movie-manager@0.0.0 lint script 'tslint "src/**/*.ts" --project src/tsconfig.json --type-check && tslint "e2e/**/*.ts" --project e2e/tsconfig.json --type-check'.
23 error Make sure you have the latest version of node.js and npm installed.
23 error If you do, this is most likely a problem with the movie-manager package,
23 error not with npm itself.
23 error Tell the author that this fails on your system:
23 error     tslint "src/**/*.ts" --project src/tsconfig.json --type-check && tslint "e2e/**/*.ts" --project e2e/tsconfig.json --type-check
23 error You can get information on how to open an issue for this project with:
23 error     npm bugs movie-manager
23 error Or if that isn't available, you can get their info via:
23 error     npm owner ls movie-manager
23 error There is likely additional logging output above.
24 verbose exit [ 1, true ]
